INFO  [2014-05-16 16:22:08,183] com.sky.techfutures.sentanal.SentimentService: run() serviceName: serviceName=sentanal
http
INFO  [2014-05-16 16:22:08,184] com.sky.techfutures.sentanal.SentimentService: run() http port: 9000
INFO  [2014-05-16 16:22:08,184] com.sky.techfutures.sentanal.SentimentService: run() http admin port: 8081
INFO  [2014-05-16 16:22:08,184] com.sky.techfutures.sentanal.SentimentService: run() adding SentimentResource and healthcheck
Adding annotator tokenize
Adding annotator ssplit
Adding annotator pos
Reading POS tagger model from edu/stanford/nlp/models/pos-tagger/english-left3words/english-left3words-distsim.tagger ... done [0.8 sec].
Adding annotator lemma
Adding annotator ner
Loading classifier from edu/stanford/nlp/models/ner/english.all.3class.distsim.crf.ser.gz ... done [3.6 sec].
Loading classifier from edu/stanford/nlp/models/ner/english.muc.7class.distsim.crf.ser.gz ... done [3.1 sec].
Loading classifier from edu/stanford/nlp/models/ner/english.conll.4class.distsim.crf.ser.gz ... done [2.4 sec].
Reading TokensRegex rules from edu/stanford/nlp/models/sutime/defs.sutime.txt
Reading TokensRegex rules from edu/stanford/nlp/models/sutime/english.sutime.txt
INFO  [2014-05-16 16:22:18,526] edu.stanford.nlp.ling.tokensregex.CoreMapExpressionExtractor: Ignoring inactive rule: temporal-composite-8:ranges
Reading TokensRegex rules from edu/stanford/nlp/models/sutime/english.holidays.sutime.txt
Initializing JollyDayHoliday for sutime with classpath:edu/stanford/nlp/models/sutime/jollyday/Holidays_sutime.xml
Reading TokensRegex rules from edu/stanford/nlp/models/sutime/defs.sutime.txt
Reading TokensRegex rules from edu/stanford/nlp/models/sutime/english.sutime.txt
INFO  [2014-05-16 16:22:18,782] edu.stanford.nlp.ling.tokensregex.CoreMapExpressionExtractor: Ignoring inactive rule: temporal-composite-8:ranges
Reading TokensRegex rules from edu/stanford/nlp/models/sutime/english.holidays.sutime.txt
Adding annotator parse
Loading parser from serialized file edu/stanford/nlp/models/lexparser/englishPCFG.ser.gz ... done [1.0 sec].
Adding annotator dcoref
Adding annotator sentiment
INFO  [2014-05-16 16:22:29,837] com.yammer.dropwizard.cli.ServerCommand: Starting sentanal
INFO  [2014-05-16 16:22:29,838] org.eclipse.jetty.server.Server: jetty-8.y.z-SNAPSHOT
INFO  [2014-05-16 16:22:29,906] com.sun.jersey.server.impl.application.WebApplicationImpl: Initiating Jersey application, version 'Jersey: 1.17.1 02/28/2013 12:47 PM'
INFO  [2014-05-16 16:22:29,942] com.yammer.dropwizard.config.Environment: The following paths were found for the configured resources:

    POST    /api/sentiment (com.sky.techfutures.sentanal.resources.SentimentResource)

INFO  [2014-05-16 16:22:29,942] com.yammer.dropwizard.config.Environment: tasks = 

    POST    /tasks/gc (com.yammer.dropwizard.tasks.GarbageCollectionTask)

INFO  [2014-05-16 16:22:30,097] org.eclipse.jetty.server.AbstractConnector: Started InstrumentedBlockingChannelConnector@0.0.0.0:9000
INFO  [2014-05-16 16:22:30,100] org.eclipse.jetty.server.AbstractConnector: Started SocketConnector@0.0.0.0:8081
ERROR [2014-05-16 16:24:11,874] com.yammer.dropwizard.jersey.LoggingExceptionMapper: Error handling a request: 93630e9af41d4c35
! java.lang.StringIndexOutOfBoundsException: String index out of range: -2
! at java.lang.String.substring(String.java:1911) ~[na:1.7.0_55]
! at com.sky.techfutures.sentanal.resources.SentimentResource.getLogFriendlyString(SentimentResource.java:50) ~[sentanal-1.0-SNAPSHOT.jar:na]
! at com.sky.techfutures.sentanal.resources.SentimentResource.computeSentiment(SentimentResource.java:28) ~[sentanal-1.0-SNAPSHOT.jar:na]
! at sun.reflect.NativeMethodAccessorImpl.invoke0(Native Method) ~[na:1.7.0_55]
! at sun.reflect.NativeMethodAccessorImpl.invoke(NativeMethodAccessorImpl.java:57) ~[na:1.7.0_55]
! at sun.reflect.DelegatingMethodAccessorImpl.invoke(DelegatingMethodAccessorImpl.java:43) ~[na:1.7.0_55]
! at java.lang.reflect.Method.invoke(Method.java:606) ~[na:1.7.0_55]
! at com.sun.jersey.spi.container.JavaMethodInvokerFactory$1.invoke(JavaMethodInvokerFactory.java:60) ~[sentanal-1.0-SNAPSHOT.jar:na]
! at com.sun.jersey.server.impl.model.method.dispatch.AbstractResourceMethodDispatchProvider$TypeOutInvoker._dispatch(AbstractResourceMethodDispatchProvider.java:185) ~[sentanal-1.0-SNAPSHOT.jar:na]
! at com.sun.jersey.server.impl.model.method.dispatch.ResourceJavaMethodDispatcher.dispatch(ResourceJavaMethodDispatcher.java:75) ~[sentanal-1.0-SNAPSHOT.jar:na]
! at com.yammer.metrics.jersey.InstrumentedResourceMethodDispatchProvider$TimedRequestDispatcher.dispatch(InstrumentedResourceMethodDispatchProvider.java:32) ~[sentanal-1.0-SNAPSHOT.jar:na]
! at com.yammer.dropwizard.jersey.OptionalResourceMethodDispatchAdapter$OptionalRequestDispatcher.dispatch(OptionalResourceMethodDispatchAdapter.java:37) ~[sentanal-1.0-SNAPSHOT.jar:na]
! at com.sun.jersey.server.impl.uri.rules.HttpMethodRule.accept(HttpMethodRule.java:302) ~[sentanal-1.0-SNAPSHOT.jar:na]
! at com.sun.jersey.server.impl.uri.rules.ResourceObjectRule.accept(ResourceObjectRule.java:100) ~[sentanal-1.0-SNAPSHOT.jar:na]
! at com.sun.jersey.server.impl.uri.rules.RightHandPathRule.accept(RightHandPathRule.java:147) ~[sentanal-1.0-SNAPSHOT.jar:na]
! at com.sun.jersey.server.impl.uri.rules.RootResourceClassesRule.accept(RootResourceClassesRule.java:84) ~[sentanal-1.0-SNAPSHOT.jar:na]
! at com.sun.jersey.server.impl.application.WebApplicationImpl._handleRequest(WebApplicationImpl.java:1511) [sentanal-1.0-SNAPSHOT.jar:na]
! at com.sun.jersey.server.impl.application.WebApplicationImpl._handleRequest(WebApplicationImpl.java:1442) [sentanal-1.0-SNAPSHOT.jar:na]
! at com.sun.jersey.server.impl.application.WebApplicationImpl.handleRequest(WebApplicationImpl.java:1391) [sentanal-1.0-SNAPSHOT.jar:na]
! at com.sun.jersey.server.impl.application.WebApplicationImpl.handleRequest(WebApplicationImpl.java:1381) [sentanal-1.0-SNAPSHOT.jar:na]
! at com.sun.jersey.spi.container.servlet.WebComponent.service(WebComponent.java:416) [sentanal-1.0-SNAPSHOT.jar:na]
! at com.sun.jersey.spi.container.servlet.ServletContainer.service(ServletContainer.java:538) [sentanal-1.0-SNAPSHOT.jar:na]
! at com.sun.jersey.spi.container.servlet.ServletContainer.service(ServletContainer.java:716) [sentanal-1.0-SNAPSHOT.jar:na]
! at javax.servlet.http.HttpServlet.service(HttpServlet.java:848) [sentanal-1.0-SNAPSHOT.jar:na]
! at org.eclipse.jetty.servlet.ServletHolder.handle(ServletHolder.java:669) [sentanal-1.0-SNAPSHOT.jar:na]
! at org.eclipse.jetty.servlet.ServletHandler$CachedChain.doFilter(ServletHandler.java:1448) [sentanal-1.0-SNAPSHOT.jar:na]
! at com.yammer.dropwizard.servlets.ThreadNameFilter.doFilter(ThreadNameFilter.java:29) [sentanal-1.0-SNAPSHOT.jar:na]
! at org.eclipse.jetty.servlet.ServletHandler$CachedChain.doFilter(ServletHandler.java:1419) [sentanal-1.0-SNAPSHOT.jar:na]
! at org.eclipse.jetty.servlet.ServletHandler.doHandle(ServletHandler.java:455) [sentanal-1.0-SNAPSHOT.jar:na]
! at org.eclipse.jetty.server.handler.ContextHandler.doHandle(ContextHandler.java:1075) [sentanal-1.0-SNAPSHOT.jar:na]
! at org.eclipse.jetty.servlet.ServletHandler.doScope(ServletHandler.java:384) [sentanal-1.0-SNAPSHOT.jar:na]
! at org.eclipse.jetty.server.handler.ContextHandler.doScope(ContextHandler.java:1009) [sentanal-1.0-SNAPSHOT.jar:na]
! at org.eclipse.jetty.server.handler.ScopedHandler.handle(ScopedHandler.java:135) [sentanal-1.0-SNAPSHOT.jar:na]
! at org.eclipse.jetty.server.handler.HandlerWrapper.handle(HandlerWrapper.java:116) [sentanal-1.0-SNAPSHOT.jar:na]
! at com.yammer.metrics.jetty.InstrumentedHandler.handle(InstrumentedHandler.java:200) [sentanal-1.0-SNAPSHOT.jar:na]
! at org.eclipse.jetty.server.handler.GzipHandler.handle(GzipHandler.java:301) [sentanal-1.0-SNAPSHOT.jar:na]
! at com.yammer.dropwizard.jetty.BiDiGzipHandler.handle(BiDiGzipHandler.java:123) [sentanal-1.0-SNAPSHOT.jar:na]
! at org.eclipse.jetty.server.handler.HandlerCollection.handle(HandlerCollection.java:154) [sentanal-1.0-SNAPSHOT.jar:na]
! at org.eclipse.jetty.server.handler.HandlerWrapper.handle(HandlerWrapper.java:116) [sentanal-1.0-SNAPSHOT.jar:na]
! at org.eclipse.jetty.server.Server.handle(Server.java:368) [sentanal-1.0-SNAPSHOT.jar:na]
! at org.eclipse.jetty.server.AbstractHttpConnection.handleRequest(AbstractHttpConnection.java:489) [sentanal-1.0-SNAPSHOT.jar:na]
! at org.eclipse.jetty.server.BlockingHttpConnection.handleRequest(BlockingHttpConnection.java:53) [sentanal-1.0-SNAPSHOT.jar:na]
! at org.eclipse.jetty.server.AbstractHttpConnection.content(AbstractHttpConnection.java:953) [sentanal-1.0-SNAPSHOT.jar:na]
! at org.eclipse.jetty.server.AbstractHttpConnection$RequestHandler.content(AbstractHttpConnection.java:1014) [sentanal-1.0-SNAPSHOT.jar:na]
! at org.eclipse.jetty.http.HttpParser.parseNext(HttpParser.java:861) [sentanal-1.0-SNAPSHOT.jar:na]
! at org.eclipse.jetty.http.HttpParser.parseAvailable(HttpParser.java:240) [sentanal-1.0-SNAPSHOT.jar:na]
! at org.eclipse.jetty.server.BlockingHttpConnection.handle(BlockingHttpConnection.java:72) [sentanal-1.0-SNAPSHOT.jar:na]
! at org.eclipse.jetty.server.nio.BlockingChannelConnector$BlockingChannelEndPoint.run(BlockingChannelConnector.java:298) [sentanal-1.0-SNAPSHOT.jar:na]
! at org.eclipse.jetty.util.thread.QueuedThreadPool.runJob(QueuedThreadPool.java:608) [sentanal-1.0-SNAPSHOT.jar:na]
! at org.eclipse.jetty.util.thread.QueuedThreadPool$3.run(QueuedThreadPool.java:543) [sentanal-1.0-SNAPSHOT.jar:na]
! at java.lang.Thread.run(Thread.java:745) [na:1.7.0_55]
0:0:0:0:0:0:0:1 - - [16/May/2014:16:24:11 +0000] "POST /api/sentiment HTTP/1.1" 500 1485 40 40
INFO  [2014-05-16 16:24:38,442] org.eclipse.jetty.server.Server: Graceful shutdown SocketConnector@0.0.0.0:8081
INFO  [2014-05-16 16:24:38,442] org.eclipse.jetty.server.Server: Graceful shutdown InstrumentedBlockingChannelConnector@0.0.0.0:9000
INFO  [2014-05-16 16:24:38,443] org.eclipse.jetty.server.Server: Graceful shutdown o.e.j.s.ServletContextHandler{/,null}
INFO  [2014-05-16 16:24:38,443] org.eclipse.jetty.server.Server: Graceful shutdown o.e.j.s.ServletContextHandler{/,null}
INFO  [2014-05-16 16:24:40,496] org.eclipse.jetty.server.handler.ContextHandler: stopped o.e.j.s.ServletContextHandler{/,null}
INFO  [2014-05-16 16:24:40,496] org.eclipse.jetty.server.handler.ContextHandler: stopped o.e.j.s.ServletContextHandler{/,null}
INFO  [2014-05-16 16:26:08,170] com.sky.techfutures.sentanal.SentimentService: run() serviceName: serviceName=sentanal
http
INFO  [2014-05-16 16:26:08,171] com.sky.techfutures.sentanal.SentimentService: run() http port: 9000
INFO  [2014-05-16 16:26:08,171] com.sky.techfutures.sentanal.SentimentService: run() http admin port: 8081
INFO  [2014-05-16 16:26:08,171] com.sky.techfutures.sentanal.SentimentService: run() adding SentimentResource and healthcheck
Adding annotator tokenize
Adding annotator ssplit
Adding annotator pos
Reading POS tagger model from edu/stanford/nlp/models/pos-tagger/english-left3words/english-left3words-distsim.tagger ... done [0.9 sec].
Adding annotator lemma
Adding annotator ner
Loading classifier from edu/stanford/nlp/models/ner/english.all.3class.distsim.crf.ser.gz ... done [3.6 sec].
Loading classifier from edu/stanford/nlp/models/ner/english.muc.7class.distsim.crf.ser.gz ... done [3.0 sec].
Loading classifier from edu/stanford/nlp/models/ner/english.conll.4class.distsim.crf.ser.gz ... done [2.4 sec].
Reading TokensRegex rules from edu/stanford/nlp/models/sutime/defs.sutime.txt
Reading TokensRegex rules from edu/stanford/nlp/models/sutime/english.sutime.txt
INFO  [2014-05-16 16:26:18,437] edu.stanford.nlp.ling.tokensregex.CoreMapExpressionExtractor: Ignoring inactive rule: temporal-composite-8:ranges
Reading TokensRegex rules from edu/stanford/nlp/models/sutime/english.holidays.sutime.txt
Initializing JollyDayHoliday for sutime with classpath:edu/stanford/nlp/models/sutime/jollyday/Holidays_sutime.xml
Reading TokensRegex rules from edu/stanford/nlp/models/sutime/defs.sutime.txt
Reading TokensRegex rules from edu/stanford/nlp/models/sutime/english.sutime.txt
INFO  [2014-05-16 16:26:18,689] edu.stanford.nlp.ling.tokensregex.CoreMapExpressionExtractor: Ignoring inactive rule: temporal-composite-8:ranges
Reading TokensRegex rules from edu/stanford/nlp/models/sutime/english.holidays.sutime.txt
Adding annotator parse
Loading parser from serialized file edu/stanford/nlp/models/lexparser/englishPCFG.ser.gz ... done [1.0 sec].
Adding annotator dcoref
Adding annotator sentiment
INFO  [2014-05-16 16:26:28,929] com.yammer.dropwizard.cli.ServerCommand: Starting sentanal
INFO  [2014-05-16 16:26:28,930] org.eclipse.jetty.server.Server: jetty-8.y.z-SNAPSHOT
INFO  [2014-05-16 16:26:28,993] com.sun.jersey.server.impl.application.WebApplicationImpl: Initiating Jersey application, version 'Jersey: 1.17.1 02/28/2013 12:47 PM'
INFO  [2014-05-16 16:26:29,027] com.yammer.dropwizard.config.Environment: The following paths were found for the configured resources:

    POST    /api/sentiment (com.sky.techfutures.sentanal.resources.SentimentResource)

INFO  [2014-05-16 16:26:29,027] com.yammer.dropwizard.config.Environment: tasks = 

    POST    /tasks/gc (com.yammer.dropwizard.tasks.GarbageCollectionTask)

INFO  [2014-05-16 16:26:29,186] org.eclipse.jetty.server.AbstractConnector: Started InstrumentedBlockingChannelConnector@0.0.0.0:9000
INFO  [2014-05-16 16:26:29,189] org.eclipse.jetty.server.AbstractConnector: Started SocketConnector@0.0.0.0:8081
INFO  [2014-05-16 16:31:01,043] com.sky.techfutures.sentanal.resources.SentimentResource: Computed sentiment in 171976000ms for input text ''
0:0:0:0:0:0:0:1 - - [16/May/2014:16:31:00 +0000] "POST /api/sentiment HTTP/1.1" 200 116 229 229
INFO  [2014-05-16 16:32:23,252] com.sky.techfutures.sentanal.resources.SentimentResource: Computed sentiment in 368513000ms for input text 'help me if you can I'm feeling down'
0:0:0:0:0:0:0:1 - - [16/May/2014:16:32:22 +0000] "POST /api/sentiment HTTP/1.1" 200 133 372 372
INFO  [2014-05-16 16:33:04,845] org.eclipse.jetty.server.Server: Graceful shutdown SocketConnector@0.0.0.0:8081
INFO  [2014-05-16 16:33:04,846] org.eclipse.jetty.server.Server: Graceful shutdown InstrumentedBlockingChannelConnector@0.0.0.0:9000
INFO  [2014-05-16 16:33:04,846] org.eclipse.jetty.server.Server: Graceful shutdown o.e.j.s.ServletContextHandler{/,null}
INFO  [2014-05-16 16:33:04,846] org.eclipse.jetty.server.Server: Graceful shutdown o.e.j.s.ServletContextHandler{/,null}
INFO  [2014-05-16 16:33:06,902] org.eclipse.jetty.server.handler.ContextHandler: stopped o.e.j.s.ServletContextHandler{/,null}
INFO  [2014-05-16 16:33:06,902] org.eclipse.jetty.server.handler.ContextHandler: stopped o.e.j.s.ServletContextHandler{/,null}
INFO  [2014-05-16 16:34:04,272] com.sky.techfutures.sentanal.SentimentService: run() serviceName: serviceName=sentanal
http
INFO  [2014-05-16 16:34:04,274] com.sky.techfutures.sentanal.SentimentService: run() http port: 9000
INFO  [2014-05-16 16:34:04,275] com.sky.techfutures.sentanal.SentimentService: run() http admin port: 8081
INFO  [2014-05-16 16:34:04,275] com.sky.techfutures.sentanal.SentimentService: run() adding SentimentResource and healthcheck
Adding annotator tokenize
Adding annotator ssplit
Adding annotator pos
Reading POS tagger model from edu/stanford/nlp/models/pos-tagger/english-left3words/english-left3words-distsim.tagger ... done [0.9 sec].
Adding annotator lemma
Adding annotator ner
Loading classifier from edu/stanford/nlp/models/ner/english.all.3class.distsim.crf.ser.gz ... done [3.6 sec].
Loading classifier from edu/stanford/nlp/models/ner/english.muc.7class.distsim.crf.ser.gz ... done [3.1 sec].
Loading classifier from edu/stanford/nlp/models/ner/english.conll.4class.distsim.crf.ser.gz ... done [2.4 sec].
Reading TokensRegex rules from edu/stanford/nlp/models/sutime/defs.sutime.txt
Reading TokensRegex rules from edu/stanford/nlp/models/sutime/english.sutime.txt
INFO  [2014-05-16 16:34:14,614] edu.stanford.nlp.ling.tokensregex.CoreMapExpressionExtractor: Ignoring inactive rule: temporal-composite-8:ranges
Reading TokensRegex rules from edu/stanford/nlp/models/sutime/english.holidays.sutime.txt
Initializing JollyDayHoliday for sutime with classpath:edu/stanford/nlp/models/sutime/jollyday/Holidays_sutime.xml
Reading TokensRegex rules from edu/stanford/nlp/models/sutime/defs.sutime.txt
Reading TokensRegex rules from edu/stanford/nlp/models/sutime/english.sutime.txt
INFO  [2014-05-16 16:34:14,858] edu.stanford.nlp.ling.tokensregex.CoreMapExpressionExtractor: Ignoring inactive rule: temporal-composite-8:ranges
Reading TokensRegex rules from edu/stanford/nlp/models/sutime/english.holidays.sutime.txt
Adding annotator parse
Loading parser from serialized file edu/stanford/nlp/models/lexparser/englishPCFG.ser.gz ... done [1.0 sec].
Adding annotator dcoref
Adding annotator sentiment
INFO  [2014-05-16 16:34:25,231] com.yammer.dropwizard.cli.ServerCommand: Starting sentanal
INFO  [2014-05-16 16:34:25,233] org.eclipse.jetty.server.Server: jetty-8.y.z-SNAPSHOT
INFO  [2014-05-16 16:34:25,296] com.sun.jersey.server.impl.application.WebApplicationImpl: Initiating Jersey application, version 'Jersey: 1.17.1 02/28/2013 12:47 PM'
INFO  [2014-05-16 16:34:25,333] com.yammer.dropwizard.config.Environment: The following paths were found for the configured resources:

    POST    /api/sentiment (com.sky.techfutures.sentanal.resources.SentimentResource)

INFO  [2014-05-16 16:34:25,333] com.yammer.dropwizard.config.Environment: tasks = 

    POST    /tasks/gc (com.yammer.dropwizard.tasks.GarbageCollectionTask)

INFO  [2014-05-16 16:34:25,490] org.eclipse.jetty.server.AbstractConnector: Started InstrumentedBlockingChannelConnector@0.0.0.0:9000
INFO  [2014-05-16 16:34:25,492] org.eclipse.jetty.server.AbstractConnector: Started SocketConnector@0.0.0.0:8081
INFO  [2014-05-16 16:34:32,145] com.sky.techfutures.sentanal.resources.SentimentResource: Computed sentiment in 1398857814074255044ms for input text 'help me if you can I'm feeling down'
0:0:0:0:0:0:0:1 - - [16/May/2014:16:34:31 +0000] "POST /api/sentiment HTTP/1.1" 200 133 603 603
INFO  [2014-05-16 16:39:54,603] org.eclipse.jetty.server.Server: Graceful shutdown SocketConnector@0.0.0.0:8081
INFO  [2014-05-16 16:39:54,603] org.eclipse.jetty.server.Server: Graceful shutdown InstrumentedBlockingChannelConnector@0.0.0.0:9000
INFO  [2014-05-16 16:39:54,603] org.eclipse.jetty.server.Server: Graceful shutdown o.e.j.s.ServletContextHandler{/,null}
INFO  [2014-05-16 16:39:54,604] org.eclipse.jetty.server.Server: Graceful shutdown o.e.j.s.ServletContextHandler{/,null}
INFO  [2014-05-16 16:39:56,659] org.eclipse.jetty.server.handler.ContextHandler: stopped o.e.j.s.ServletContextHandler{/,null}
INFO  [2014-05-16 16:39:56,659] org.eclipse.jetty.server.handler.ContextHandler: stopped o.e.j.s.ServletContextHandler{/,null}
INFO  [2014-05-16 16:41:49,409] com.sky.techfutures.sentanal.SentimentService: run() serviceName: serviceName=sentanal
http
INFO  [2014-05-16 16:41:49,410] com.sky.techfutures.sentanal.SentimentService: run() http port: 9000
INFO  [2014-05-16 16:41:49,410] com.sky.techfutures.sentanal.SentimentService: run() http admin port: 8081
INFO  [2014-05-16 16:41:49,410] com.sky.techfutures.sentanal.SentimentService: run() adding SentimentResource and healthcheck
Adding annotator tokenize
Adding annotator ssplit
Adding annotator pos
Reading POS tagger model from edu/stanford/nlp/models/pos-tagger/english-left3words/english-left3words-distsim.tagger ... done [0.9 sec].
Adding annotator lemma
Adding annotator ner
Loading classifier from edu/stanford/nlp/models/ner/english.all.3class.distsim.crf.ser.gz ... done [3.6 sec].
Loading classifier from edu/stanford/nlp/models/ner/english.muc.7class.distsim.crf.ser.gz ... done [3.1 sec].
Loading classifier from edu/stanford/nlp/models/ner/english.conll.4class.distsim.crf.ser.gz ... done [2.5 sec].
Reading TokensRegex rules from edu/stanford/nlp/models/sutime/defs.sutime.txt
Reading TokensRegex rules from edu/stanford/nlp/models/sutime/english.sutime.txt
INFO  [2014-05-16 16:41:59,874] edu.stanford.nlp.ling.tokensregex.CoreMapExpressionExtractor: Ignoring inactive rule: temporal-composite-8:ranges
Reading TokensRegex rules from edu/stanford/nlp/models/sutime/english.holidays.sutime.txt
Initializing JollyDayHoliday for sutime with classpath:edu/stanford/nlp/models/sutime/jollyday/Holidays_sutime.xml
Reading TokensRegex rules from edu/stanford/nlp/models/sutime/defs.sutime.txt
Reading TokensRegex rules from edu/stanford/nlp/models/sutime/english.sutime.txt
INFO  [2014-05-16 16:42:00,122] edu.stanford.nlp.ling.tokensregex.CoreMapExpressionExtractor: Ignoring inactive rule: temporal-composite-8:ranges
Reading TokensRegex rules from edu/stanford/nlp/models/sutime/english.holidays.sutime.txt
Adding annotator parse
Loading parser from serialized file edu/stanford/nlp/models/lexparser/englishPCFG.ser.gz ... done [1.0 sec].
Adding annotator dcoref
Adding annotator sentiment
INFO  [2014-05-16 16:42:10,998] com.yammer.dropwizard.cli.ServerCommand: Starting sentanal
INFO  [2014-05-16 16:42:11,000] org.eclipse.jetty.server.Server: jetty-8.y.z-SNAPSHOT
INFO  [2014-05-16 16:42:11,066] com.sun.jersey.server.impl.application.WebApplicationImpl: Initiating Jersey application, version 'Jersey: 1.17.1 02/28/2013 12:47 PM'
INFO  [2014-05-16 16:42:11,100] com.yammer.dropwizard.config.Environment: The following paths were found for the configured resources:

    POST    /api/sentiment (com.sky.techfutures.sentanal.resources.SentimentResource)

INFO  [2014-05-16 16:42:11,100] com.yammer.dropwizard.config.Environment: tasks = 

    POST    /tasks/gc (com.yammer.dropwizard.tasks.GarbageCollectionTask)

INFO  [2014-05-16 16:42:11,254] org.eclipse.jetty.server.AbstractConnector: Started InstrumentedBlockingChannelConnector@0.0.0.0:9000
INFO  [2014-05-16 16:42:11,257] org.eclipse.jetty.server.AbstractConnector: Started SocketConnector@0.0.0.0:8081
INFO  [2014-05-16 16:42:14,484] com.sky.techfutures.sentanal.resources.SentimentResource: Computed sentiment in 539ms for input text 'help me if you can I'm feeling down'
0:0:0:0:0:0:0:1 - - [16/May/2014:16:42:13 +0000] "POST /api/sentiment HTTP/1.1" 200 133 597 597
INFO  [2014-05-16 16:42:17,834] com.sky.techfutures.sentanal.resources.SentimentResource: Computed sentiment in 118ms for input text 'help me if you can I'm feeling down'
0:0:0:0:0:0:0:1 - - [16/May/2014:16:42:17 +0000] "POST /api/sentiment HTTP/1.1" 200 133 121 121
INFO  [2014-05-16 16:42:22,498] com.sky.techfutures.sentanal.resources.SentimentResource: Computed sentiment in 62ms for input text 'help me if you can I'm feeling down'
0:0:0:0:0:0:0:1 - - [16/May/2014:16:42:22 +0000] "POST /api/sentiment HTTP/1.1" 200 133 65 65
INFO  [2014-05-16 16:42:25,206] com.sky.techfutures.sentanal.resources.SentimentResource: Computed sentiment in 43ms for input text 'help me if you can I'm feeling down'
0:0:0:0:0:0:0:1 - - [16/May/2014:16:42:25 +0000] "POST /api/sentiment HTTP/1.1" 200 133 45 45
INFO  [2014-05-16 16:42:28,012] com.sky.techfutures.sentanal.resources.SentimentResource: Computed sentiment in 39ms for input text 'help me if you can I'm feeling down'
0:0:0:0:0:0:0:1 - - [16/May/2014:16:42:27 +0000] "POST /api/sentiment HTTP/1.1" 200 133 41 41
INFO  [2014-05-16 16:42:28,901] com.sky.techfutures.sentanal.resources.SentimentResource: Computed sentiment in 32ms for input text 'help me if you can I'm feeling down'
0:0:0:0:0:0:0:1 - - [16/May/2014:16:42:28 +0000] "POST /api/sentiment HTTP/1.1" 200 133 34 34
INFO  [2014-05-16 16:42:29,401] com.sky.techfutures.sentanal.resources.SentimentResource: Computed sentiment in 29ms for input text 'help me if you can I'm feeling down'
0:0:0:0:0:0:0:1 - - [16/May/2014:16:42:29 +0000] "POST /api/sentiment HTTP/1.1" 200 133 31 31
INFO  [2014-05-16 16:42:29,793] com.sky.techfutures.sentanal.resources.SentimentResource: Computed sentiment in 28ms for input text 'help me if you can I'm feeling down'
0:0:0:0:0:0:0:1 - - [16/May/2014:16:42:29 +0000] "POST /api/sentiment HTTP/1.1" 200 133 30 30
INFO  [2014-05-16 16:42:30,149] com.sky.techfutures.sentanal.resources.SentimentResource: Computed sentiment in 27ms for input text 'help me if you can I'm feeling down'
0:0:0:0:0:0:0:1 - - [16/May/2014:16:42:30 +0000] "POST /api/sentiment HTTP/1.1" 200 133 29 29
INFO  [2014-05-16 16:42:30,464] com.sky.techfutures.sentanal.resources.SentimentResource: Computed sentiment in 28ms for input text 'help me if you can I'm feeling down'
0:0:0:0:0:0:0:1 - - [16/May/2014:16:42:30 +0000] "POST /api/sentiment HTTP/1.1" 200 133 30 30
INFO  [2014-05-16 16:43:17,702] org.eclipse.jetty.server.Server: Graceful shutdown SocketConnector@0.0.0.0:8081
INFO  [2014-05-16 16:43:17,702] org.eclipse.jetty.server.Server: Graceful shutdown InstrumentedBlockingChannelConnector@0.0.0.0:9000
INFO  [2014-05-16 16:43:17,703] org.eclipse.jetty.server.Server: Graceful shutdown o.e.j.s.ServletContextHandler{/,null}
INFO  [2014-05-16 16:43:17,703] org.eclipse.jetty.server.Server: Graceful shutdown o.e.j.s.ServletContextHandler{/,null}
INFO  [2014-05-16 16:43:19,757] org.eclipse.jetty.server.handler.ContextHandler: stopped o.e.j.s.ServletContextHandler{/,null}
INFO  [2014-05-16 16:43:19,757] org.eclipse.jetty.server.handler.ContextHandler: stopped o.e.j.s.ServletContextHandler{/,null}
